[38;5;112m[Appium][0m Welcome to Appium v2.11.1
[38;5;112m[Appium][0m Non-default server args:
[38;5;112m[Appium][0m { basePath: [32m'/wd/hub'[39m, loglevel: [32m'info'[39m, port: [33m64797[39m }
[38;5;112m[Appium][0m Attempting to load driver uiautomator2...
[38;5;112m[Appium][0m Attempting to load driver xcuitest...
[38;5;112m[Appium][0m Appium REST http interface listener started on http://0.0.0.0:64797/wd/hub
[38;5;112m[Appium][0m You can provide the following URLs in your client code to connect to this server:
	http://127.0.0.1:64797/wd/hub (only accessible from the same host)
	http://192.168.1.4:64797/wd/hub
[38;5;112m[Appium][0m Available drivers:
[38;5;112m[Appium][0m   - uiautomator2@3.7.1 (automationName 'UiAutomator2')
[38;5;112m[Appium][0m   - xcuitest@5.16.1 (automationName 'XCUITest')
[38;5;112m[Appium][0m No plugins have been installed. Use the "appium plugin" command to install the one(s) you want to use.
[38;5;86m[HTTP][0m [37m-->[39m [37mGET[39m [37m/wd/hub/status[39m {}
[38;5;86m[HTTP][0m <-- GET /wd/hub/status 200 6 ms - 111 
[38;5;86m[HTTP][0m [37m-->[39m [37mGET[39m [37m/wd/hub/status[39m {}
[38;5;86m[HTTP][0m <-- GET /wd/hub/status 200 1 ms - 111 
[38;5;86m[HTTP][0m [37m-->[39m [37mPOST[39m [37m/wd/hub/session[39m {"desiredCapabilities":{"appium:systemPort":64810,"appium:newCommandTimeout":1800,"appium:automationName":"uiautomator2","appium:fullReset":false,"appium:platformVersion":"14","appium:noReset":true,"appium:udid":"emulator-5554","appium:autoGrantPermissions":true,"appium:platformName":"ANDROID","appium:deviceName":"emulator-5554 (sdk_gphone64_arm64 - Android 14)","platformName":"Android","appium:app":"/Users/jaeheonjeong/Desktop/2024SEM2/Capstone B/Sample App/android.wdio.native.app.v1.0.8/android.wdio.native.app.v1.0.8.apk"},"capabilities":{"firstMatch":[{"appium:app":"/Users/jaeheonjeong/Desktop/2024SEM2/Capstone B/Sample App/android.wdio.native.app.v1.0.8/android.wdio.native.app.v1.0.8.apk","appium:autoGrantPermissions":true,"appium:automationName":"uiautomator2","appium:deviceName":"emulator-5554 (sdk_gphone64_arm64 - Android 14)","appium:fullReset":false,"appium:newCommandTimeout":1800,"appium:noReset":true,"appium:platformName":"ANDROID","appium:platformVersion":"14","appium:systemPort":64810,"appium:...
[38;5;123m[BaseDriver][0m Ignoring capability 'appium:platformName=ANDROID' and using capability 'platformName=android'
[38;5;123m[BaseDriver][0m The capabilities ["platformName"] are standard capabilities and do not require "appium:" prefix
[38;5;112m[Appium][0m Attempting to find matching driver for automationName 'uiautomator2' and platformName 'android'
[38;5;112m[Appium][0m The 'uiautomator2' driver was installed and matched caps.
[38;5;112m[Appium][0m Will require it at /Users/jaeheonjeong/.appium/node_modules/appium-uiautomator2-driver
[38;5;135m[AppiumDriver@6337][0m Appium v2.11.1 creating new AndroidUiautomator2Driver (v3.7.1) session
[38;5;135m[AppiumDriver@6337][0m Checking BaseDriver versions for Appium and AndroidUiautomator2Driver
[38;5;135m[AppiumDriver@6337][0m Appium's BaseDriver version is 9.11.1
[38;5;135m[AppiumDriver@6337][0m AndroidUiautomator2Driver's BaseDriver version is 9.11.1
[38;5;78m[694399f0][0m[38;5;-49m[AndroidUiautomator2Driver@2cb3][0m Session created with session id: 694399f0-e0f1-4a59-a4cb-5b4623482f17
[38;5;78m[694399f0][0m[38;5;229m[ADB][0m Found 1 'build-tools' folders under '/Users/jaeheonjeong/.katalon/tools/android_sdk' (newest first):
[38;5;78m[694399f0][0m[38;5;229m[ADB][0m     /Users/jaeheonjeong/.katalon/tools/android_sdk/build-tools/29.0.3
[38;5;78m[694399f0][0m[38;5;229m[ADB][0m Using 'adb' from '/Users/jaeheonjeong/.katalon/tools/android_sdk/platform-tools/adb'
[38;5;78m[694399f0][0m[38;5;-49m[AndroidUiautomator2Driver@2cb3][0m Retrieving device list
[38;5;78m[694399f0][0m[38;5;-49m[AndroidUiautomator2Driver@2cb3][0m Using device: emulator-5554
[38;5;78m[694399f0][0m[38;5;229m[ADB][0m Using 'adb' from '/Users/jaeheonjeong/.katalon/tools/android_sdk/platform-tools/adb'
[38;5;78m[694399f0][0m[38;5;123m[BaseDriver][0m Using local app '/Users/jaeheonjeong/Desktop/2024SEM2/Capstone B/Sample App/android.wdio.native.app.v1.0.8/android.wdio.native.app.v1.0.8.apk'
[38;5;78m[694399f0][0m[38;5;229m[ADB][0m Getting device platform version
[38;5;78m[694399f0][0m[38;5;-49m[AndroidUiautomator2Driver@2cb3][0m Relaxing hidden api policy
[38;5;78m[694399f0][0m[38;5;229m[ADB][0m Package name: 'com.wdiodemoapp'
[38;5;78m[694399f0][0m[38;5;229m[ADB][0m Main activity name: 'com.wdiodemoapp.MainActivity'
[38;5;78m[694399f0][0m[38;5;229m[ADB][0m Using 'apksigner.jar' from '/Users/jaeheonjeong/.katalon/tools/android_sdk/build-tools/29.0.3/lib/apksigner.jar'
[38;5;78m[694399f0][0m[38;5;-49m[AndroidUiautomator2Driver@2cb3][0m Server packages are not going to be (re)installed
[38;5;78m[694399f0][0m[38;5;229m[ADB][0m Adding packages ["io.appium.settings","io.appium.uiautomator2.server","io.appium.uiautomator2.server.test"] to Doze whitelist
[38;5;78m[694399f0][0m[38;5;229m[ADB][0m '/Users/jaeheonjeong/Desktop/2024SEM2/Capstone B/Sample App/android.wdio.native.app.v1.0.8/android.wdio.native.app.v1.0.8.apk' is signed with a non-default certificate
[38;5;78m[694399f0][0m[38;5;229m[ADB][0m The application at '/Users/jaeheonjeong/Desktop/2024SEM2/Capstone B/Sample App/android.wdio.native.app.v1.0.8/android.wdio.native.app.v1.0.8.apk' will not be cached, because the device under test has confirmed the support of streamed installs
[38;5;78m[694399f0][0m[38;5;229m[ADB][0m The installation of 'android.wdio.native.app.v1.0.8.apk' took 617ms
[38;5;78m[694399f0][0m[38;5;-49m[AndroidUiautomator2Driver@2cb3][0m Starting UIAutomator2 server 7.0.18
[38;5;78m[694399f0][0m[38;5;-49m[AndroidUiautomator2Driver@2cb3][0m Using UIAutomator2 server from '/Users/jaeheonjeong/.appium/node_modules/appium-uiautomator2-driver/node_modules/appium-uiautomator2-server/apks/appium-uiautomator2-server-v7.0.18.apk' and test from '/Users/jaeheonjeong/.appium/node_modules/appium-uiautomator2-driver/node_modules/appium-uiautomator2-server/apks/appium-uiautomator2-server-debug-androidTest.apk'
[38;5;78m[694399f0][0m[38;5;-49m[AndroidUiautomator2Driver@2cb3][0m Waiting up to 30000ms for UiAutomator2 to be online...
[38;5;78m[694399f0][0m[38;5;-49m[AndroidUiautomator2Driver@2cb3][0m socket hang up
[38;5;78m[694399f0][0m[38;5;-49m[AndroidUiautomator2Driver@2cb3][0m socket hang up
[38;5;78m[694399f0][0m[38;5;-49m[AndroidUiautomator2Driver@2cb3][0m Determined the downstream protocol as 'W3C'
[38;5;78m[694399f0][0m[38;5;-49m[AndroidUiautomator2Driver@2cb3][0m Screen already unlocked, doing nothing
[38;5;78m[694399f0][0m[38;5;-49m[AndroidUiautomator2Driver@2cb3][0m Starting 'com.wdiodemoapp/com.wdiodemoapp.MainActivity and waiting for 'com.wdiodemoapp/com.wdiodemoapp.MainActivity'
[38;5;78m[694399f0][0m[38;5;135m[AppiumDriver@6337][0m New AndroidUiautomator2Driver session created successfully, session 694399f0-e0f1-4a59-a4cb-5b4623482f17 added to master session list
[38;5;78m[694399f0][0m[38;5;86m[HTTP][0m <-- POST /wd/hub/session 200 5349 ms - 1363 
[38;5;78m[694399f0][0m[38;5;86m[HTTP][0m [37m-->[39m [37mGET[39m [37m/wd/hub/session/694399f0-e0f1-4a59-a4cb-5b4623482f17[39m {}
[38;5;78m[694399f0][0m[38;5;86m[HTTP][0m <-- GET /wd/hub/session/694399f0-e0f1-4a59-a4cb-5b4623482f17 200 6 ms - 437 
[38;5;78m[694399f0][0m[38;5;86m[HTTP][0m [37m-->[39m [37mGET[39m [37m/wd/hub/session/694399f0-e0f1-4a59-a4cb-5b4623482f17[39m {}
[38;5;78m[694399f0][0m[38;5;86m[HTTP][0m <-- GET /wd/hub/session/694399f0-e0f1-4a59-a4cb-5b4623482f17 200 8 ms - 437 
[38;5;86m[HTTP][0m [37m-->[39m [37mGET[39m [37m/wd/hub/status[39m {}
[38;5;86m[HTTP][0m <-- GET /wd/hub/status 200 1 ms - 111 
[38;5;78m[694399f0][0m[38;5;86m[HTTP][0m [37m-->[39m [37mPOST[39m [37m/wd/hub/session/694399f0-e0f1-4a59-a4cb-5b4623482f17/timeouts[39m {"implicit":60000}
[38;5;78m[694399f0][0m[38;5;86m[HTTP][0m <-- POST /wd/hub/session/694399f0-e0f1-4a59-a4cb-5b4623482f17/timeouts 200 2 ms - 14 
[38;5;78m[694399f0][0m[38;5;86m[HTTP][0m [37m-->[39m [37mGET[39m [37m/wd/hub/session/694399f0-e0f1-4a59-a4cb-5b4623482f17/source[39m {}
[38;5;78m[694399f0][0m[38;5;-49m[AndroidUiautomator2Driver@2cb3][0m Driver proxy active, passing request on via HTTP proxy
[38;5;78m[694399f0][0m[38;5;-49m[AndroidUiautomator2Driver@2cb3][0m Replacing sessionId 6351ced9-c632-4703-bac9-4a3e77bf9273 with 694399f0-e0f1-4a59-a4cb-5b4623482f17
[38;5;78m[694399f0][0m[38;5;86m[HTTP][0m <-- GET /wd/hub/session/694399f0-e0f1-4a59-a4cb-5b4623482f17/source 200 579 ms - 18052 
[38;5;78m[694399f0][0m[38;5;86m[HTTP][0m [37m-->[39m [37mGET[39m [37m/wd/hub/session/694399f0-e0f1-4a59-a4cb-5b4623482f17/screenshot[39m {}
[38;5;78m[694399f0][0m[38;5;86m[HTTP][0m <-- GET /wd/hub/session/694399f0-e0f1-4a59-a4cb-5b4623482f17/screenshot 200 210 ms - 209400 
[38;5;78m[694399f0][0m[38;5;86m[HTTP][0m [37m-->[39m [37mGET[39m [37m/wd/hub/session/694399f0-e0f1-4a59-a4cb-5b4623482f17/window/rect[39m {}
[38;5;78m[694399f0][0m[38;5;86m[HTTP][0m <-- GET /wd/hub/session/694399f0-e0f1-4a59-a4cb-5b4623482f17/window/rect 200 16 ms - 50 
[38;5;78m[694399f0][0m[38;5;86m[HTTP][0m [37m-->[39m [37mPOST[39m [37m/wd/hub/session/694399f0-e0f1-4a59-a4cb-5b4623482f17/elements[39m {"using":"xpath","value":"//*[@class = 'android.widget.TextView' and (@text = 'Login' or . = 'Login')]"}
[38;5;78m[694399f0][0m[38;5;86m[HTTP][0m <-- POST /wd/hub/session/694399f0-e0f1-4a59-a4cb-5b4623482f17/elements 200 324 ms - 139 
[38;5;78m[694399f0][0m[38;5;86m[HTTP][0m [37m-->[39m [37mGET[39m [37m/wd/hub/session/694399f0-e0f1-4a59-a4cb-5b4623482f17/element/00000000-0000-002a-ffff-ffff00000033/location[39m {}
[38;5;78m[694399f0][0m[38;5;-49m[AndroidUiautomator2Driver@2cb3][0m Driver proxy active, passing request on via HTTP proxy
[38;5;78m[694399f0][0m[38;5;-49m[AndroidUiautomator2Driver@2cb3][0m Replacing sessionId 6351ced9-c632-4703-bac9-4a3e77bf9273 with 694399f0-e0f1-4a59-a4cb-5b4623482f17
[38;5;78m[694399f0][0m[38;5;86m[HTTP][0m <-- GET /wd/hub/session/694399f0-e0f1-4a59-a4cb-5b4623482f17/element/00000000-0000-002a-ffff-ffff00000033/location 200 13 ms - 79 
[38;5;78m[694399f0][0m[38;5;86m[HTTP][0m [37m-->[39m [37mPOST[39m [37m/wd/hub/session/694399f0-e0f1-4a59-a4cb-5b4623482f17/element/00000000-0000-002a-ffff-ffff00000033/click[39m {"id":"00000000-0000-002a-ffff-ffff00000033"}
[38;5;78m[694399f0][0m[38;5;86m[HTTP][0m <-- POST /wd/hub/session/694399f0-e0f1-4a59-a4cb-5b4623482f17/element/00000000-0000-002a-ffff-ffff00000033/click 200 55 ms - 14 
[38;5;78m[694399f0][0m[38;5;86m[HTTP][0m [37m-->[39m [37mGET[39m [37m/wd/hub/session/694399f0-e0f1-4a59-a4cb-5b4623482f17/source[39m {}
[38;5;78m[694399f0][0m[38;5;-49m[AndroidUiautomator2Driver@2cb3][0m Driver proxy active, passing request on via HTTP proxy
[38;5;78m[694399f0][0m[38;5;-49m[AndroidUiautomator2Driver@2cb3][0m Replacing sessionId 6351ced9-c632-4703-bac9-4a3e77bf9273 with 694399f0-e0f1-4a59-a4cb-5b4623482f17
[38;5;78m[694399f0][0m[38;5;86m[HTTP][0m <-- GET /wd/hub/session/694399f0-e0f1-4a59-a4cb-5b4623482f17/source 200 215 ms - 26301 
[38;5;78m[694399f0][0m[38;5;86m[HTTP][0m [37m-->[39m [37mGET[39m [37m/wd/hub/session/694399f0-e0f1-4a59-a4cb-5b4623482f17/screenshot[39m {}
[38;5;78m[694399f0][0m[38;5;86m[HTTP][0m <-- GET /wd/hub/session/694399f0-e0f1-4a59-a4cb-5b4623482f17/screenshot 200 189 ms - 161540 
[38;5;78m[694399f0][0m[38;5;86m[HTTP][0m [37m-->[39m [37mGET[39m [37m/wd/hub/session/694399f0-e0f1-4a59-a4cb-5b4623482f17/window/rect[39m {}
[38;5;78m[694399f0][0m[38;5;86m[HTTP][0m <-- GET /wd/hub/session/694399f0-e0f1-4a59-a4cb-5b4623482f17/window/rect 200 8 ms - 50 
[38;5;78m[694399f0][0m[38;5;86m[HTTP][0m [37m-->[39m [37mPOST[39m [37m/wd/hub/session/694399f0-e0f1-4a59-a4cb-5b4623482f17/elements[39m {"using":"xpath","value":"//*[@class = 'android.widget.TextView' and (@text = 'Sign up' or . = 'Sign up')]"}
[38;5;78m[694399f0][0m[38;5;86m[HTTP][0m <-- POST /wd/hub/session/694399f0-e0f1-4a59-a4cb-5b4623482f17/elements 200 104 ms - 139 
[38;5;78m[694399f0][0m[38;5;86m[HTTP][0m [37m-->[39m [37mGET[39m [37m/wd/hub/session/694399f0-e0f1-4a59-a4cb-5b4623482f17/element/00000000-0000-002a-ffff-ffff00000057/location[39m {}
[38;5;78m[694399f0][0m[38;5;-49m[AndroidUiautomator2Driver@2cb3][0m Driver proxy active, passing request on via HTTP proxy
[38;5;78m[694399f0][0m[38;5;-49m[AndroidUiautomator2Driver@2cb3][0m Replacing sessionId 6351ced9-c632-4703-bac9-4a3e77bf9273 with 694399f0-e0f1-4a59-a4cb-5b4623482f17
[38;5;78m[694399f0][0m[38;5;86m[HTTP][0m <-- GET /wd/hub/session/694399f0-e0f1-4a59-a4cb-5b4623482f17/element/00000000-0000-002a-ffff-ffff00000057/location 200 6 ms - 78 
[38;5;78m[694399f0][0m[38;5;86m[HTTP][0m [37m-->[39m [37mPOST[39m [37m/wd/hub/session/694399f0-e0f1-4a59-a4cb-5b4623482f17/element/00000000-0000-002a-ffff-ffff00000057/click[39m {"id":"00000000-0000-002a-ffff-ffff00000057"}
[38;5;78m[694399f0][0m[38;5;86m[HTTP][0m <-- POST /wd/hub/session/694399f0-e0f1-4a59-a4cb-5b4623482f17/element/00000000-0000-002a-ffff-ffff00000057/click 200 48 ms - 14 
[38;5;78m[694399f0][0m[38;5;86m[HTTP][0m [37m-->[39m [37mGET[39m [37m/wd/hub/session/694399f0-e0f1-4a59-a4cb-5b4623482f17/source[39m {}
[38;5;78m[694399f0][0m[38;5;-49m[AndroidUiautomator2Driver@2cb3][0m Driver proxy active, passing request on via HTTP proxy
[38;5;78m[694399f0][0m[38;5;-49m[AndroidUiautomator2Driver@2cb3][0m Replacing sessionId 6351ced9-c632-4703-bac9-4a3e77bf9273 with 694399f0-e0f1-4a59-a4cb-5b4623482f17
[38;5;78m[694399f0][0m[38;5;86m[HTTP][0m <-- GET /wd/hub/session/694399f0-e0f1-4a59-a4cb-5b4623482f17/source 200 384 ms - 27561 
[38;5;78m[694399f0][0m[38;5;86m[HTTP][0m [37m-->[39m [37mGET[39m [37m/wd/hub/session/694399f0-e0f1-4a59-a4cb-5b4623482f17/screenshot[39m {}
[38;5;78m[694399f0][0m[38;5;86m[HTTP][0m <-- GET /wd/hub/session/694399f0-e0f1-4a59-a4cb-5b4623482f17/screenshot 200 120 ms - 124668 
[38;5;78m[694399f0][0m[38;5;86m[HTTP][0m [37m-->[39m [37mGET[39m [37m/wd/hub/session/694399f0-e0f1-4a59-a4cb-5b4623482f17/source[39m {}
[38;5;78m[694399f0][0m[38;5;-49m[AndroidUiautomator2Driver@2cb3][0m Driver proxy active, passing request on via HTTP proxy
[38;5;78m[694399f0][0m[38;5;-49m[AndroidUiautomator2Driver@2cb3][0m Replacing sessionId 6351ced9-c632-4703-bac9-4a3e77bf9273 with 694399f0-e0f1-4a59-a4cb-5b4623482f17
[38;5;78m[694399f0][0m[38;5;86m[HTTP][0m <-- GET /wd/hub/session/694399f0-e0f1-4a59-a4cb-5b4623482f17/source 200 96 ms - 27561 
[38;5;78m[694399f0][0m[38;5;86m[HTTP][0m [37m-->[39m [37mGET[39m [37m/wd/hub/session/694399f0-e0f1-4a59-a4cb-5b4623482f17/screenshot[39m {}
[38;5;78m[694399f0][0m[38;5;86m[HTTP][0m <-- GET /wd/hub/session/694399f0-e0f1-4a59-a4cb-5b4623482f17/screenshot 200 133 ms - 124668 
[38;5;78m[694399f0][0m[38;5;86m[HTTP][0m [37m-->[39m [37mDELETE[39m [37m/wd/hub/session/694399f0-e0f1-4a59-a4cb-5b4623482f17[39m {}
[38;5;78m[694399f0][0m[38;5;135m[AppiumDriver@6337][0m Removing session 694399f0-e0f1-4a59-a4cb-5b4623482f17 from our master session list
[38;5;78m[694399f0][0m[38;5;-49m[AndroidUiautomator2Driver@2cb3][0m Restoring hidden api policy to the device default configuration
[38;5;78m[694399f0][0m[38;5;86m[HTTP][0m <-- DELETE /wd/hub/session/694399f0-e0f1-4a59-a4cb-5b4623482f17 200 159 ms - 14 
[38;5;112m[Appium][0m Received SIGTERM - shutting down
[38;5;86m[HTTP][0m Waiting until the server is closed
[38;5;86m[HTTP][0m Received server close event
